<?xml version="1.0" encoding="UTF-8"?>
<testsuite xmlns:xsi="http://www.w3.org/2001/XMLSchema-instance" xsi:noNamespaceSchemaLocation="https://maven.apache.org/surefire/maven-surefire-plugin/xsd/surefire-test-report.xsd" name="com.bmc.msscbeerservice.web.controller.BeerControllerTest" time="4.023" tests="3" errors="0" skipped="0" failures="0">
  <properties>
[...]
</properties>
  <testcase name="saveBeer" classname="com.bmc.msscbeerservice.web.controller.BeerControllerTest" time="0.885"/>
  <testcase name="updateBeerById" classname="com.bmc.msscbeerservice.web.controller.BeerControllerTest" time="0.015"/>
  <testcase name="getBeerById" classname="com.bmc.msscbeerservice.web.controller.BeerControllerTest" time="0.063"/>
</testsuite>